<?xml version="1.0" encoding="UTF-8"?>
<!-- Generated by org.testng.reporters.JUnitXMLReporter -->
<testsuite hostname="PUNE-SSONAWAN2" name="Test Add User" tests="5" failures="1" timestamp="19 Apr 2018 11:13:09 GMT" time="43.327" errors="0">
  <testcase name="testAddUser" time="41.243" classname="com.nuance.eq.tests.TesEQ"/>
  <testcase name="testAPI_AutoPIN" time="0.578" classname="com.nuance.eq.tests.TesEQ"/>
  <testcase name="testAPI_AutoPIN" time="0.46" classname="com.nuance.eq.tests.TesEQ"/>
  <testcase name="testAPI_AutoPIN" time="0.447" classname="com.nuance.eq.tests.TesEQ"/>
  <testcase name="testAPI_AutoPIN" time="0.229" classname="com.nuance.eq.tests.TesEQ">
    <failure type="atu.testng.reports.exceptions.ATUReporterStepFailedException">
      <![CDATA[[ATU Custom Reporter Step Failed Exception]
	at atu.testng.reports.ATUReports.stepFailureHandler(Unknown Source)
	at atu.testng.reports.ATUReports.add(Unknown Source)
	at com.nuancce.eq.rest.utility.APIRequests.put(APIRequests.java:68)
	at com.nuance.eq.tests.TesEQ.testAPI_AutoPIN(TesEQ.java:165)
	at com.nuance.eq.main.config.RunTest.main(RunTest.java:49)
... Removed 21 stack frames]]>
    </failure>
  </testcase> <!-- testAPI_AutoPIN -->
</testsuite> <!-- Test Add User -->
